Copyright 1986-2020 Xilinx, Inc. All Rights Reserved.
-------------------------------------------------------------------------------------------------------------------------------------------------------------------------
| Tool Version     : Vivado v.2020.2 (win64) Build 3064766 Wed Nov 18 09:12:45 MST 2020
| Date             : Wed May  5 20:49:21 2021
| Host             : LAPTOP-JIKPBC87 running 64-bit major release  (build 9200)
| Command          : report_power -file single_circle_CPU_power_routed.rpt -pb single_circle_CPU_power_summary_routed.pb -rpx single_circle_CPU_power_routed.rpx
| Design           : single_circle_CPU
| Device           : xc7a100tcsg324-1
| Design State     : routed
| Grade            : commercial
| Process          : typical
| Characterization : Production
-------------------------------------------------------------------------------------------------------------------------------------------------------------------------

Power Report

Table of Contents
-----------------
1. Summary
1.1 On-Chip Components
1.2 Power Supply Summary
1.3 Confidence Level
2. Settings
2.1 Environment
2.2 Clock Constraints
3. Detailed Reports
3.1 By Hierarchy

1. Summary
----------

+--------------------------+--------------+
| Total On-Chip Power (W)  | 13.076       |
| Design Power Budget (W)  | Unspecified* |
| Power Budget Margin (W)  | NA           |
| Dynamic (W)              | 12.807       |
| Device Static (W)        | 0.269        |
| Effective TJA (C/W)      | 4.6          |
| Max Ambient (C)          | 25.3         |
| Junction Temperature (C) | 84.7         |
| Confidence Level         | Low          |
| Setting File             | ---          |
| Simulation Activity File | ---          |
| Design Nets Matched      | NA           |
+--------------------------+--------------+
* Specify Design Power Budget using, set_operating_conditions -design_power_budget <value in Watts>


1.1 On-Chip Components
----------------------

+--------------------------+-----------+----------+-----------+-----------------+
| On-Chip                  | Power (W) | Used     | Available | Utilization (%) |
+--------------------------+-----------+----------+-----------+-----------------+
| Slice Logic              |     1.102 |     1012 |       --- |             --- |
|   LUT as Logic           |     0.956 |      273 |     63400 |            0.43 |
|   CARRY4                 |     0.064 |       29 |     15850 |            0.18 |
|   BUFG                   |     0.029 |        2 |        32 |            6.25 |
|   Register               |     0.029 |      135 |    126800 |            0.11 |
|   LUT as Distributed RAM |     0.022 |      328 |     19000 |            1.73 |
|   F7/F8 Muxes            |     0.001 |      128 |     63400 |            0.20 |
|   Others                 |     0.000 |        8 |       --- |             --- |
| Signals                  |     2.358 |      660 |       --- |             --- |
| I/O                      |     9.348 |       25 |       210 |           11.90 |
| Static Power             |     0.269 |          |           |                 |
| Total                    |    13.076 |          |           |                 |
+--------------------------+-----------+----------+-----------+-----------------+


1.2 Power Supply Summary
------------------------

+-----------+-------------+-----------+-------------+------------+-------------+-------------+------------+
| Source    | Voltage (V) | Total (A) | Dynamic (A) | Static (A) | Powerup (A) | Budget (A)  | Margin (A) |
+-----------+-------------+-----------+-------------+------------+-------------+-------------+------------+
| Vccint    |       1.000 |     3.647 |       3.495 |      0.152 |       NA    | Unspecified | NA         |
| Vccaux    |       1.800 |     0.377 |       0.341 |      0.036 |       NA    | Unspecified | NA         |
| Vcco33    |       3.300 |     2.640 |       2.636 |      0.004 |       NA    | Unspecified | NA         |
| Vcco25    |       2.500 |     0.000 |       0.000 |      0.000 |       NA    | Unspecified | NA         |
| Vcco18    |       1.800 |     0.000 |       0.000 |      0.000 |       NA    | Unspecified | NA         |
| Vcco15    |       1.500 |     0.000 |       0.000 |      0.000 |       NA    | Unspecified | NA         |
| Vcco135   |       1.350 |     0.000 |       0.000 |      0.000 |       NA    | Unspecified | NA         |
| Vcco12    |       1.200 |     0.000 |       0.000 |      0.000 |       NA    | Unspecified | NA         |
| Vccaux_io |       1.800 |     0.000 |       0.000 |      0.000 |       NA    | Unspecified | NA         |
| Vccbram   |       1.000 |     0.004 |       0.000 |      0.004 |       NA    | Unspecified | NA         |
| MGTAVcc   |       1.000 |     0.000 |       0.000 |      0.000 |       NA    | Unspecified | NA         |
| MGTAVtt   |       1.200 |     0.000 |       0.000 |      0.000 |       NA    | Unspecified | NA         |
| Vccadc    |       1.800 |     0.020 |       0.000 |      0.020 |       NA    | Unspecified | NA         |
+-----------+-------------+-----------+-------------+------------+-------------+-------------+------------+


1.3 Confidence Level
--------------------

+-----------------------------+------------+--------------------------------------------------------+--------------------------------------------------------------------------------------------------------------------+
| User Input Data             | Confidence | Details                                                | Action                                                                                                             |
+-----------------------------+------------+--------------------------------------------------------+--------------------------------------------------------------------------------------------------------------------+
| Design implementation state | High       | Design is routed                                       |                                                                                                                    |
| Clock nodes activity        | Low        | User specified less than 75% of clocks                 | Provide missing clock activity with a constraint file, simulation results or by editing the "By Clock Domain" view |
| I/O nodes activity          | Low        | More than 75% of inputs are missing user specification | Provide missing input activity with simulation results or by editing the "By Resource Type -> I/Os" view           |
| Internal nodes activity     | Medium     | User specified less than 25% of internal nodes         | Provide missing internal nodes activity with simulation results or by editing the "By Resource Type" views         |
| Device models               | High       | Device models are Production                           |                                                                                                                    |
|                             |            |                                                        |                                                                                                                    |
| Overall confidence level    | Low        |                                                        |                                                                                                                    |
+-----------------------------+------------+--------------------------------------------------------+--------------------------------------------------------------------------------------------------------------------+


2. Settings
-----------

2.1 Environment
---------------

+-----------------------+--------------------------+
| Ambient Temp (C)      | 25.0                     |
| ThetaJA (C/W)         | 4.6                      |
| Airflow (LFM)         | 250                      |
| Heat Sink             | medium (Medium Profile)  |
| ThetaSA (C/W)         | 4.6                      |
| Board Selection       | medium (10"x10")         |
| # of Board Layers     | 12to15 (12 to 15 Layers) |
| Board Temperature (C) | 25.0                     |
+-----------------------+--------------------------+


2.2 Clock Constraints
---------------------

+-------+--------+-----------------+
| Clock | Domain | Constraint (ns) |
+-------+--------+-----------------+


3. Detailed Reports
-------------------

3.1 By Hierarchy
----------------

+---------------------------------+-----------+
| Name                            | Power (W) |
+---------------------------------+-----------+
| single_circle_CPU               |    12.807 |
|   CPU                           |     2.553 |
|     ALU                         |     1.070 |
|     DataMem                     |     0.067 |
|       U0                        |     0.067 |
|     InstrMem                    |     0.394 |
|       U0                        |     0.394 |
|     Register                    |     0.186 |
|       regfile_reg_r3_0_31_0_5   |     0.001 |
|       regfile_reg_r3_0_31_12_17 |     0.001 |
|       regfile_reg_r3_0_31_18_23 |     0.001 |
|       regfile_reg_r3_0_31_24_29 |     0.001 |
|       regfile_reg_r3_0_31_6_11  |     0.001 |
|   PDU                           |     0.768 |
+---------------------------------+-----------+


