Copyright 1986-2020 Xilinx, Inc. All Rights Reserved.
----------------------------------------------------------------------------------------------
| Tool Version : Vivado v.2020.2 (win64) Build 3064766 Wed Nov 18 09:12:45 MST 2020
| Date         : Wed May  5 20:48:24 2021
| Host         : LAPTOP-JIKPBC87 running 64-bit major release  (build 9200)
| Command      : report_control_sets -verbose -file single_circle_CPU_control_sets_placed.rpt
| Design       : single_circle_CPU
| Device       : xc7a100t
----------------------------------------------------------------------------------------------

Control Set Information

Table of Contents
-----------------
1. Summary
2. Histogram
3. Flip-Flop Distribution
4. Detailed Control Set Information

1. Summary
----------

+----------------------------------------------------------+-------+
|                          Status                          | Count |
+----------------------------------------------------------+-------+
| Total control sets                                       |    10 |
|    Minimum number of control sets                        |    10 |
|    Addition due to synthesis replication                 |     0 |
|    Addition due to physical synthesis replication        |     0 |
| Unused register locations in slices containing registers |    17 |
+----------------------------------------------------------+-------+
* Control sets can be merged at opt_design using control_set_merge or merge_equivalent_drivers
** Run report_qor_suggestions for automated merging and remapping suggestions


2. Histogram
------------

+--------------------+-------+
|       Fanout       | Count |
+--------------------+-------+
| Total control sets |    10 |
| >= 0 to < 4        |     1 |
| >= 4 to < 6        |     1 |
| >= 6 to < 8        |     0 |
| >= 8 to < 10       |     0 |
| >= 10 to < 12      |     0 |
| >= 12 to < 14      |     0 |
| >= 14 to < 16      |     1 |
| >= 16              |     7 |
+--------------------+-------+
* Control sets can be remapped at either synth_design or opt_design


3. Flip-Flop Distribution
-------------------------

+--------------+-----------------------+------------------------+-----------------+--------------+
| Clock Enable | Synchronous Set/Reset | Asynchronous Set/Reset | Total Registers | Total Slices |
+--------------+-----------------------+------------------------+-----------------+--------------+
| No           | No                    | No                     |              42 |           15 |
| No           | No                    | Yes                    |              55 |           25 |
| No           | Yes                   | No                     |               0 |            0 |
| Yes          | No                    | No                     |               0 |            0 |
| Yes          | No                    | Yes                    |              38 |           22 |
| Yes          | Yes                   | No                     |               0 |            0 |
+--------------+-----------------------+------------------------+-----------------+--------------+


4. Detailed Control Set Information
-----------------------------------

+---------------------------+----------------------------------------------------------------------------------------------+------------------+------------------+----------------+--------------+
|        Clock Signal       |                                         Enable Signal                                        | Set/Reset Signal | Slice Load Count | Bel Load Count | Bels / Slice |
+---------------------------+----------------------------------------------------------------------------------------------+------------------+------------------+----------------+--------------+
|  clk_IBUF_BUFG            | CPU/ALU/ready_r0_out                                                                         | rst_IBUF         |                1 |              1 |         1.00 |
|  clk_IBUF_BUFG            | CPU/ALU/out0_r[4]_i_2_0[0]                                                                   | rst_IBUF         |                2 |              5 |         2.50 |
|  clk_IBUF_BUFG            |                                                                                              |                  |                7 |             15 |         2.14 |
|  clk_IBUF_BUFG            |                                                                                              | rst_IBUF         |                6 |             23 |         3.83 |
|  CPU/MemWrite_reg_i_2_n_0 |                                                                                              |                  |                8 |             27 |         3.38 |
|  clk_IBUF_BUFG            | CPU/ALU/E[0]                                                                                 | rst_IBUF         |               19 |             32 |         1.68 |
|  clk_cpu_BUFG             |                                                                                              | rst_IBUF         |               19 |             32 |         1.68 |
|  clk_cpu_BUFG             | CPU/DataMem/U0/synth_options.dist_mem_inst/gen_dp_ram.dpram_inst/ram_reg_0_127_0_0_i_1_n_0   |                  |               32 |            128 |         4.00 |
|  clk_cpu_BUFG             | CPU/DataMem/U0/synth_options.dist_mem_inst/gen_dp_ram.dpram_inst/ram_reg_128_255_0_0_i_1_n_0 |                  |               32 |            128 |         4.00 |
|  clk_cpu_BUFG             | CPU/RegWrite                                                                                 |                  |               18 |            144 |         8.00 |
+---------------------------+----------------------------------------------------------------------------------------------+------------------+------------------+----------------+--------------+


