#-----------------------------------------------------------
# Vivado v2020.2 (64-bit)
# SW Build 3064766 on Wed Nov 18 09:12:45 MST 2020
# IP Build 3064653 on Wed Nov 18 14:17:31 MST 2020
# Start of session at: Tue May 11 18:33:56 2021
# Process ID: 19536
# Current directory: D:/USTC/COD_LAB_2021/lab4/COD_lab4
# Command line: vivado.exe -gui_launcher_event rodinguilauncherevent11332 D:\USTC\COD_LAB_2021\lab4\COD_lab4\COD_lab4.xpr
# Log file: D:/USTC/COD_LAB_2021/lab4/COD_lab4/vivado.log
# Journal file: D:/USTC/COD_LAB_2021/lab4/COD_lab4\vivado.jou
#-----------------------------------------------------------
start_gui
open_project D:/USTC/COD_LAB_2021/lab4/COD_lab4/COD_lab4.xpr
CRITICAL WARNING: [Project 1-19] Could not find the file 'D:/×ÀÃæ/inst_test.coe'.
Scanning sources...
Finished scanning sources
INFO: [IP_Flow 19-234] Refreshing IP repositories
INFO: [IP_Flow 19-1704] No user IP repositories specified
INFO: [IP_Flow 19-2313] Loaded Vivado IP repository 'D:/Software/Vivado/Vivado/2020.2/data/ip'.
open_project: Time (s): cpu = 00:00:34 ; elapsed = 00:00:13 . Memory (MB): peak = 999.719 ; gain = 0.000
update_compile_order -fileset sources_1
exit
INFO: [Common 17-206] Exiting Vivado at Wed May 12 16:08:49 2021...
