
*** Running vivado
    with args -log top_v2.vds -m64 -product Vivado -mode batch -messageDb vivado.pb -notrace -source top_v2.tcl



****** Vivado v2020.2 (64-bit)
  **** SW Build 3064766 on Wed Nov 18 09:12:45 MST 2020
  **** IP Build 3064653 on Wed Nov 18 14:17:31 MST 2020
    ** Copyright 1986-2020 Xilinx, Inc. All Rights Reserved.

source top_v2.tcl -notrace
Command: synth_design -top top_v2 -part xc7a100tcsg324-1
Starting synth_design
Attempting to get a license for feature 'Synthesis' and/or device 'xc7a100t'
INFO: [Common 17-349] Got license for feature 'Synthesis' and/or device 'xc7a100t'
INFO: [Device 21-403] Loading part xc7a100tcsg324-1
INFO: [Synth 8-7079] Multithreading enabled for synth_design using a maximum of 2 processes.
INFO: [Synth 8-7078] Launching helper process for spawning children vivado processes
INFO: [Synth 8-7075] Helper process launched with PID 9056
---------------------------------------------------------------------------------
Starting RTL Elaboration : Time (s): cpu = 00:00:04 ; elapsed = 00:00:04 . Memory (MB): peak = 1017.367 ; gain = 0.000
---------------------------------------------------------------------------------
INFO: [Synth 8-6157] synthesizing module 'top_v2' [D:/USTC/COD_LAB_2021/lab5/COD_lab5/COD_lab5.srcs/sources_1/new/top_v2.v:23]
INFO: [Synth 8-6157] synthesizing module 'pdu_pl' [D:/USTC/COD_LAB_2021/lab5/COD_lab5/COD_lab5.srcs/sources_1/new/pdu_pl.v:1]
WARNING: [Synth 8-6090] variable 'cnt_al_plr' is written by both blocking and non-blocking assignments, entire logic could be removed [D:/USTC/COD_LAB_2021/lab5/COD_lab5/COD_lab5.srcs/sources_1/new/pdu_pl.v:155]
INFO: [Synth 8-226] default block is never used [D:/USTC/COD_LAB_2021/lab5/COD_lab5/COD_lab5.srcs/sources_1/new/pdu_pl.v:255]
INFO: [Synth 8-6155] done synthesizing module 'pdu_pl' (1#1) [D:/USTC/COD_LAB_2021/lab5/COD_lab5/COD_lab5.srcs/sources_1/new/pdu_pl.v:1]
INFO: [Synth 8-6157] synthesizing module 'cpu_v2' [D:/USTC/COD_LAB_2021/lab5/COD_lab5/COD_lab5.srcs/sources_1/new/cpu_v2.v:23]
INFO: [Synth 8-6157] synthesizing module 'InstrMem' [D:/USTC/COD_LAB_2021/lab5/COD_lab5/COD_lab5.runs/synth_1/.Xil/Vivado-12612-LAPTOP-JIKPBC87/realtime/InstrMem_stub.v:6]
INFO: [Synth 8-6155] done synthesizing module 'InstrMem' (2#1) [D:/USTC/COD_LAB_2021/lab5/COD_lab5/COD_lab5.runs/synth_1/.Xil/Vivado-12612-LAPTOP-JIKPBC87/realtime/InstrMem_stub.v:6]
INFO: [Synth 8-6157] synthesizing module 'register_file' [D:/USTC/COD_LAB_2021/lab5/COD_lab5/COD_lab5.srcs/sources_1/new/register_file.v:23]
	Parameter DEPTH bound to: 5 - type: integer 
	Parameter WIDTH bound to: 32 - type: integer 
INFO: [Synth 8-6155] done synthesizing module 'register_file' (3#1) [D:/USTC/COD_LAB_2021/lab5/COD_lab5/COD_lab5.srcs/sources_1/new/register_file.v:23]
INFO: [Synth 8-155] case statement is not full and has no default [D:/USTC/COD_LAB_2021/lab5/COD_lab5/COD_lab5.srcs/sources_1/new/cpu_v2.v:304]
INFO: [Synth 8-6157] synthesizing module 'ALU' [D:/USTC/COD_LAB_2021/lab5/COD_lab5/COD_lab5.srcs/sources_1/new/ALU.v:23]
	Parameter WIDTH bound to: 32 - type: integer 
INFO: [Synth 8-6155] done synthesizing module 'ALU' (4#1) [D:/USTC/COD_LAB_2021/lab5/COD_lab5/COD_lab5.srcs/sources_1/new/ALU.v:23]
INFO: [Synth 8-6157] synthesizing module 'DataMem' [D:/USTC/COD_LAB_2021/lab5/COD_lab5/COD_lab5.runs/synth_1/.Xil/Vivado-12612-LAPTOP-JIKPBC87/realtime/DataMem_stub.v:6]
INFO: [Synth 8-6155] done synthesizing module 'DataMem' (5#1) [D:/USTC/COD_LAB_2021/lab5/COD_lab5/COD_lab5.runs/synth_1/.Xil/Vivado-12612-LAPTOP-JIKPBC87/realtime/DataMem_stub.v:6]
INFO: [Synth 8-6157] synthesizing module 'bpu' [D:/USTC/COD_LAB_2021/lab5/COD_lab5/COD_lab5.srcs/sources_1/new/bpu.v:1]
	Parameter PC_WIDTH bound to: 32 - type: integer 
	Parameter BTB_WIDTH bound to: 10 - type: integer 
	Parameter S_TAKEN bound to: 2'b11 
	Parameter W_TAKEN bound to: 2'b10 
	Parameter W_NOT_TAKEN bound to: 2'b01 
	Parameter S_NOT_TAKEN bound to: 2'b00 
INFO: [Synth 8-6155] done synthesizing module 'bpu' (6#1) [D:/USTC/COD_LAB_2021/lab5/COD_lab5/COD_lab5.srcs/sources_1/new/bpu.v:1]
INFO: [Synth 8-6155] done synthesizing module 'cpu_v2' (7#1) [D:/USTC/COD_LAB_2021/lab5/COD_lab5/COD_lab5.srcs/sources_1/new/cpu_v2.v:23]
INFO: [Synth 8-6155] done synthesizing module 'top_v2' (8#1) [D:/USTC/COD_LAB_2021/lab5/COD_lab5/COD_lab5.srcs/sources_1/new/top_v2.v:23]
---------------------------------------------------------------------------------
Finished RTL Elaboration : Time (s): cpu = 00:01:12 ; elapsed = 00:01:13 . Memory (MB): peak = 1106.598 ; gain = 89.230
---------------------------------------------------------------------------------
---------------------------------------------------------------------------------
Start Handling Custom Attributes
---------------------------------------------------------------------------------
---------------------------------------------------------------------------------
Finished Handling Custom Attributes : Time (s): cpu = 00:01:14 ; elapsed = 00:01:15 . Memory (MB): peak = 1106.598 ; gain = 89.230
---------------------------------------------------------------------------------
---------------------------------------------------------------------------------
Finished RTL Optimization Phase 1 : Time (s): cpu = 00:01:14 ; elapsed = 00:01:15 . Memory (MB): peak = 1106.598 ; gain = 89.230
---------------------------------------------------------------------------------
Netlist sorting complete. Time (s): cpu = 00:00:01 ; elapsed = 00:00:00.649 . Memory (MB): peak = 1106.598 ; gain = 0.000
INFO: [Project 1-570] Preparing netlist for logic optimization

Processing XDC Constraints
Initializing timing engine
Parsing XDC File [d:/USTC/COD_LAB_2021/lab5/COD_lab5/COD_lab5.gen/sources_1/ip/DataMem/DataMem/DataMem_in_context.xdc] for cell 'CPU/DataMem'
Finished Parsing XDC File [d:/USTC/COD_LAB_2021/lab5/COD_lab5/COD_lab5.gen/sources_1/ip/DataMem/DataMem/DataMem_in_context.xdc] for cell 'CPU/DataMem'
Parsing XDC File [d:/USTC/COD_LAB_2021/lab5/COD_lab5/COD_lab5.gen/sources_1/ip/InstrMem/InstrMem/InstrMem_in_context.xdc] for cell 'CPU/InstrMem'
Finished Parsing XDC File [d:/USTC/COD_LAB_2021/lab5/COD_lab5/COD_lab5.gen/sources_1/ip/InstrMem/InstrMem/InstrMem_in_context.xdc] for cell 'CPU/InstrMem'
Parsing XDC File [D:/USTC/COD_LAB_2021/lab5/COD_lab5/COD_lab5.srcs/constrs_1/new/pipeline_xdc.xdc]
Finished Parsing XDC File [D:/USTC/COD_LAB_2021/lab5/COD_lab5/COD_lab5.srcs/constrs_1/new/pipeline_xdc.xdc]
INFO: [Project 1-236] Implementation specific constraints were found while reading constraint file [D:/USTC/COD_LAB_2021/lab5/COD_lab5/COD_lab5.srcs/constrs_1/new/pipeline_xdc.xdc]. These constraints will be ignored for synthesis but will be used in implementation. Impacted constraints are listed in the file [.Xil/top_v2_propImpl.xdc].
Resolution: To avoid this warning, move constraints listed in [.Xil/top_v2_propImpl.xdc] to another XDC file and exclude this new file from synthesis with the used_in_synthesis property (File Properties dialog in GUI) and re-run elaboration/synthesis.
Completed Processing XDC Constraints

Netlist sorting complete. Time (s): cpu = 00:00:00 ; elapsed = 00:00:00.012 . Memory (MB): peak = 1260.246 ; gain = 0.000
INFO: [Project 1-111] Unisim Transformation Summary:
No Unisim elements were transformed.

Constraint Validation Runtime : Time (s): cpu = 00:00:00 ; elapsed = 00:00:00.232 . Memory (MB): peak = 1260.246 ; gain = 0.000
---------------------------------------------------------------------------------
Finished Constraint Validation : Time (s): cpu = 00:01:29 ; elapsed = 00:01:30 . Memory (MB): peak = 1260.246 ; gain = 242.879
---------------------------------------------------------------------------------
---------------------------------------------------------------------------------
Start Loading Part and Timing Information
---------------------------------------------------------------------------------
Loading part: xc7a100tcsg324-1
---------------------------------------------------------------------------------
Finished Loading Part and Timing Information : Time (s): cpu = 00:01:29 ; elapsed = 00:01:30 . Memory (MB): peak = 1260.246 ; gain = 242.879
---------------------------------------------------------------------------------
---------------------------------------------------------------------------------
Start Applying 'set_property' XDC Constraints
---------------------------------------------------------------------------------
Applied set_property KEEP_HIERARCHY = SOFT for CPU/DataMem. (constraint file  auto generated constraint).
Applied set_property KEEP_HIERARCHY = SOFT for CPU/InstrMem. (constraint file  auto generated constraint).
---------------------------------------------------------------------------------
Finished applying 'set_property' XDC Constraints : Time (s): cpu = 00:01:29 ; elapsed = 00:01:30 . Memory (MB): peak = 1260.246 ; gain = 242.879
---------------------------------------------------------------------------------
---------------------------------------------------------------------------------
Finished RTL Optimization Phase 2 : Time (s): cpu = 00:01:47 ; elapsed = 00:01:50 . Memory (MB): peak = 1260.246 ; gain = 242.879
---------------------------------------------------------------------------------
---------------------------------------------------------------------------------
Start RTL Component Statistics 
---------------------------------------------------------------------------------
Detailed RTL Component Info : 
+---Adders : 
	   3 Input   32 Bit       Adders := 1     
	   2 Input   32 Bit       Adders := 3     
	   2 Input    5 Bit       Adders := 1     
	   2 Input    4 Bit       Adders := 1     
	   2 Input    3 Bit       Adders := 1     
	   2 Input    2 Bit       Adders := 4     
+---XORs : 
	   2 Input     32 Bit         XORs := 1     
	   2 Input      1 Bit         XORs := 3     
+---Registers : 
	               32 Bit    Registers := 1045  
	                5 Bit    Registers := 8     
	                4 Bit    Registers := 1     
	                3 Bit    Registers := 1     
	                2 Bit    Registers := 1027  
	                1 Bit    Registers := 9     
+---Muxes : 
	   4 Input   32 Bit        Muxes := 6     
	   2 Input   32 Bit        Muxes := 12    
	   6 Input   32 Bit        Muxes := 1     
	   7 Input   32 Bit        Muxes := 2     
	   3 Input   32 Bit        Muxes := 1     
	   2 Input    8 Bit        Muxes := 1     
	   2 Input    5 Bit        Muxes := 3     
	   4 Input    5 Bit        Muxes := 1     
	   2 Input    3 Bit        Muxes := 8     
	   2 Input    2 Bit        Muxes := 12    
	   2 Input    1 Bit        Muxes := 1045  
	   4 Input    1 Bit        Muxes := 3     
	   7 Input    1 Bit        Muxes := 1     
---------------------------------------------------------------------------------
Finished RTL Component Statistics 
---------------------------------------------------------------------------------
---------------------------------------------------------------------------------
Start Part Resource Summary
---------------------------------------------------------------------------------
Part Resources:
DSPs: 240 (col length:80)
BRAMs: 270 (col length: RAMB18 80 RAMB36 40)
---------------------------------------------------------------------------------
Finished Part Resource Summary
---------------------------------------------------------------------------------
---------------------------------------------------------------------------------
Start Cross Boundary and Area Optimization
---------------------------------------------------------------------------------
---------------------------------------------------------------------------------
Finished Cross Boundary and Area Optimization : Time (s): cpu = 00:03:08 ; elapsed = 00:03:15 . Memory (MB): peak = 1260.246 ; gain = 242.879
---------------------------------------------------------------------------------
---------------------------------------------------------------------------------
Start ROM, RAM, DSP, Shift Register and Retiming Reporting
---------------------------------------------------------------------------------

Distributed RAM: Preliminary Mapping	Report (see note below)
+------------+----------------+-----------+----------------------+--------------+
|Module Name | RTL Object     | Inference | Size (Depth x Width) | Primitives   | 
+------------+----------------+-----------+----------------------+--------------+
|top_v2      | RF/regfile_reg | Implied   | 32 x 32              | RAM32M x 18	 | 
+------------+----------------+-----------+----------------------+--------------+

Note: The table above is a preliminary report that shows the Distributed RAMs at the current stage of the synthesis flow. Some Distributed RAMs may be reimplemented as non Distributed RAM primitives later in the synthesis flow. Multiple instantiated RAMs are reported only once.
---------------------------------------------------------------------------------
Finished ROM, RAM, DSP, Shift Register and Retiming Reporting
---------------------------------------------------------------------------------
---------------------------------------------------------------------------------
Start Applying XDC Timing Constraints
---------------------------------------------------------------------------------
---------------------------------------------------------------------------------
Finished Applying XDC Timing Constraints : Time (s): cpu = 00:03:15 ; elapsed = 00:03:22 . Memory (MB): peak = 1260.246 ; gain = 242.879
---------------------------------------------------------------------------------
---------------------------------------------------------------------------------
Start Timing Optimization
---------------------------------------------------------------------------------
---------------------------------------------------------------------------------
Finished Timing Optimization : Time (s): cpu = 00:03:15 ; elapsed = 00:03:22 . Memory (MB): peak = 1260.246 ; gain = 242.879
---------------------------------------------------------------------------------
---------------------------------------------------------------------------------
Start ROM, RAM, DSP, Shift Register and Retiming Reporting
---------------------------------------------------------------------------------

Distributed RAM: Final Mapping	Report
+------------+----------------+-----------+----------------------+--------------+
|Module Name | RTL Object     | Inference | Size (Depth x Width) | Primitives   | 
+------------+----------------+-----------+----------------------+--------------+
|top_v2      | RF/regfile_reg | Implied   | 32 x 32              | RAM32M x 18	 | 
+------------+----------------+-----------+----------------------+--------------+

---------------------------------------------------------------------------------
Finished ROM, RAM, DSP, Shift Register and Retiming Reporting
---------------------------------------------------------------------------------
---------------------------------------------------------------------------------
Start Technology Mapping
---------------------------------------------------------------------------------
---------------------------------------------------------------------------------
Finished Technology Mapping : Time (s): cpu = 00:03:25 ; elapsed = 00:03:32 . Memory (MB): peak = 1260.246 ; gain = 242.879
---------------------------------------------------------------------------------
---------------------------------------------------------------------------------
Start IO Insertion
---------------------------------------------------------------------------------
---------------------------------------------------------------------------------
Start Flattening Before IO Insertion
---------------------------------------------------------------------------------
---------------------------------------------------------------------------------
Finished Flattening Before IO Insertion
---------------------------------------------------------------------------------
---------------------------------------------------------------------------------
Start Final Netlist Cleanup
---------------------------------------------------------------------------------
---------------------------------------------------------------------------------
Finished Final Netlist Cleanup
---------------------------------------------------------------------------------
---------------------------------------------------------------------------------
Finished IO Insertion : Time (s): cpu = 00:03:47 ; elapsed = 00:03:55 . Memory (MB): peak = 1260.246 ; gain = 242.879
---------------------------------------------------------------------------------
---------------------------------------------------------------------------------
Start Renaming Generated Instances
---------------------------------------------------------------------------------
---------------------------------------------------------------------------------
Finished Renaming Generated Instances : Time (s): cpu = 00:03:48 ; elapsed = 00:03:55 . Memory (MB): peak = 1260.246 ; gain = 242.879
---------------------------------------------------------------------------------
---------------------------------------------------------------------------------
Start Rebuilding User Hierarchy
---------------------------------------------------------------------------------
---------------------------------------------------------------------------------
Finished Rebuilding User Hierarchy : Time (s): cpu = 00:03:50 ; elapsed = 00:03:57 . Memory (MB): peak = 1260.246 ; gain = 242.879
---------------------------------------------------------------------------------
---------------------------------------------------------------------------------
Start Renaming Generated Ports
---------------------------------------------------------------------------------
---------------------------------------------------------------------------------
Finished Renaming Generated Ports : Time (s): cpu = 00:03:50 ; elapsed = 00:03:57 . Memory (MB): peak = 1260.246 ; gain = 242.879
---------------------------------------------------------------------------------
---------------------------------------------------------------------------------
Start Handling Custom Attributes
---------------------------------------------------------------------------------
---------------------------------------------------------------------------------
Finished Handling Custom Attributes : Time (s): cpu = 00:03:51 ; elapsed = 00:03:59 . Memory (MB): peak = 1260.246 ; gain = 242.879
---------------------------------------------------------------------------------
---------------------------------------------------------------------------------
Start Renaming Generated Nets
---------------------------------------------------------------------------------
---------------------------------------------------------------------------------
Finished Renaming Generated Nets : Time (s): cpu = 00:03:51 ; elapsed = 00:03:59 . Memory (MB): peak = 1260.246 ; gain = 242.879
---------------------------------------------------------------------------------
---------------------------------------------------------------------------------
Start ROM, RAM, DSP, Shift Register and Retiming Reporting
---------------------------------------------------------------------------------

Static Shift Register Report:
+------------+----------------------+--------+-------+--------------+--------------------+-------------------+--------+---------+
|Module Name | RTL Name             | Length | Width | Reset Signal | Pull out first Reg | Pull out last Reg | SRL16E | SRLC32E | 
+------------+----------------------+--------+-------+--------------+--------------------+-------------------+--------+---------+
|top_v2      | CPU/PCWplus4_reg[31] | 4      | 32    | NO           | NO                 | YES               | 32     | 0       | 
+------------+----------------------+--------+-------+--------------+--------------------+-------------------+--------+---------+

---------------------------------------------------------------------------------
Finished ROM, RAM, DSP, Shift Register and Retiming Reporting
---------------------------------------------------------------------------------
---------------------------------------------------------------------------------
Start Writing Synthesis Report
---------------------------------------------------------------------------------

Report BlackBoxes: 
+------+--------------+----------+
|      |BlackBox name |Instances |
+------+--------------+----------+
|1     |InstrMem      |         1|
|2     |DataMem       |         1|
+------+--------------+----------+

Report Cell Usage: 
+------+---------+------+
|      |Cell     |Count |
+------+---------+------+
|1     |DataMem  |     1|
|2     |InstrMem |     1|
|3     |BUFG     |     2|
|4     |CARRY4   |    37|
|5     |LUT1     |     4|
|6     |LUT2     |    47|
|7     |LUT3     |   138|
|8     |LUT4     |   180|
|9     |LUT5     |   719|
|10    |LUT6     | 12473|
|11    |MUXF7    |  4658|
|12    |MUXF8    |  2318|
|13    |RAM32M   |    18|
|14    |SRL16E   |    32|
|15    |FDCE     | 34976|
|16    |FDPE     |    21|
|17    |FDRE     |   498|
|18    |IBUF     |    10|
|19    |OBUF     |    15|
+------+---------+------+
---------------------------------------------------------------------------------
Finished Writing Synthesis Report : Time (s): cpu = 00:03:52 ; elapsed = 00:03:59 . Memory (MB): peak = 1260.246 ; gain = 242.879
---------------------------------------------------------------------------------
Synthesis finished with 0 errors, 0 critical warnings and 0 warnings.
Synthesis Optimization Runtime : Time (s): cpu = 00:02:28 ; elapsed = 00:03:50 . Memory (MB): peak = 1260.246 ; gain = 89.230
Synthesis Optimization Complete : Time (s): cpu = 00:03:52 ; elapsed = 00:03:59 . Memory (MB): peak = 1260.246 ; gain = 242.879
INFO: [Project 1-571] Translating synthesized netlist
Netlist sorting complete. Time (s): cpu = 00:00:01 ; elapsed = 00:00:00.709 . Memory (MB): peak = 1260.246 ; gain = 0.000
INFO: [Netlist 29-17] Analyzing 7031 Unisim elements for replacement
INFO: [Netlist 29-28] Unisim Transformation completed in 0 CPU seconds
WARNING: [Netlist 29-101] Netlist 'top_v2' is not ideal for floorplanning, since the cellview 'bpu' contains a large number of primitives.  Please consider enabling hierarchy in synthesis if you want to do floorplanning.
INFO: [Project 1-570] Preparing netlist for logic optimization
INFO: [Opt 31-138] Pushed 0 inverter(s) to 0 load pin(s).
Netlist sorting complete. Time (s): cpu = 00:00:00 ; elapsed = 00:00:00.014 . Memory (MB): peak = 1260.246 ; gain = 0.000
INFO: [Project 1-111] Unisim Transformation Summary:
  A total of 18 instances were transformed.
  RAM32M => RAM32M (RAMD32(x6), RAMS32(x2)): 18 instances

INFO: [Common 17-83] Releasing license: Synthesis
33 Infos, 2 Warnings, 0 Critical Warnings and 0 Errors encountered.
synth_design completed successfully
synth_design: Time (s): cpu = 00:04:10 ; elapsed = 00:04:18 . Memory (MB): peak = 1260.246 ; gain = 242.879
INFO: [Common 17-1381] The checkpoint 'D:/USTC/COD_LAB_2021/lab5/COD_lab5/COD_lab5.runs/synth_1/top_v2.dcp' has been generated.
write_checkpoint: Time (s): cpu = 00:00:07 ; elapsed = 00:00:06 . Memory (MB): peak = 1260.246 ; gain = 0.000
INFO: [runtcl-4] Executing : report_utilization -file top_v2_utilization_synth.rpt -pb top_v2_utilization_synth.pb
INFO: [Common 17-206] Exiting Vivado at Thu Jun 10 14:56:10 2021...
