Vivado Simulator 2020.2
Time resolution is 1 ps
WARNING: This core is supplied with a behavioral model. To model cycle-accurate behavior you must run timing simulation.
WARNING: This core is supplied with a behavioral model. To model cycle-accurate behavior you must run timing simulation.
WARNING in cpu_sim.testbench.DataMem.inst at time               135000 ns: 
Reading from out-of-range address. Max address in cpu_sim.testbench.DataMem.inst is         255
WARNING in cpu_sim.testbench.DataMem.inst at time               215000 ns: 
Reading from out-of-range address. Max address in cpu_sim.testbench.DataMem.inst is         255
WARNING in cpu_sim.testbench.DataMem.inst at time               295000 ns: 
Reading from out-of-range address. Max address in cpu_sim.testbench.DataMem.inst is         255
WARNING in cpu_sim.testbench.DataMem.inst at time               375000 ns: 
Reading from out-of-range address. Max address in cpu_sim.testbench.DataMem.inst is         255
WARNING in cpu_sim.testbench.DataMem.inst at time               455000 ns: 
Reading from out-of-range address. Max address in cpu_sim.testbench.DataMem.inst is         255
WARNING in cpu_sim.testbench.DataMem.inst at time               535000 ns: 
Reading from out-of-range address. Max address in cpu_sim.testbench.DataMem.inst is         255
WARNING in cpu_sim.testbench.DataMem.inst at time               615000 ns: 
Reading from out-of-range address. Max address in cpu_sim.testbench.DataMem.inst is         255
WARNING in cpu_sim.testbench.DataMem.inst at time               695000 ns: 
Reading from out-of-range address. Max address in cpu_sim.testbench.DataMem.inst is         255
WARNING in cpu_sim.testbench.DataMem.inst at time               775000 ns: 
Reading from out-of-range address. Max address in cpu_sim.testbench.DataMem.inst is         255
WARNING in cpu_sim.testbench.DataMem.inst at time               885000 ns: 
Reading from out-of-range address. Max address in cpu_sim.testbench.DataMem.inst is         255
WARNING in cpu_sim.testbench.DataMem.inst at time               925000 ns: 
Reading from out-of-range address. Max address in cpu_sim.testbench.DataMem.inst is         255
WARNING in cpu_sim.testbench.DataMem.inst at time               965000 ns: 
Reading from out-of-range address. Max address in cpu_sim.testbench.DataMem.inst is         255
